Build started 2/5/2016 10:19:26 PM.
     1>Project "C:\Users\Quinn\Desktop\ucd-csci2312-pa1\PA1\PA1\PA1.vcxproj" on node 2 (Build target(s)).
     1>Link:
         C:\Program Files (x86)\Microsoft Visual Studio 14.0\VC\bin\link.exe /ERRORREPORT:PROMPT /OUT:"C:\Users\Quinn\Desktop\ucd-csci2312-pa1\PA1\Debug\PA1.exe" /INCREMENTAL /NOLOGO kernel32.lib user32.lib gdi32.lib winspool.lib comdlg32.lib advapi32.lib shell32.lib ole32.lib oleaut32.lib uuid.lib odbc32.lib odbccp32.lib /MANIFEST /MANIFESTUAC:"level='asInvoker' uiAccess='false'" /manifest:embed /Debug /PDB:"C:\Users\Quinn\Desktop\ucd-csci2312-pa1\PA1\Debug\PA1.pdb" /SUBSYSTEM:CONSOLE /TLBID:1 /DYNAMICBASE /NXCOMPAT /IMPLIB:"C:\Users\Quinn\Desktop\ucd-csci2312-pa1\PA1\Debug\PA1.lib" /MACHINE:X86 Debug\area.obj
         Debug\ErrorContext.obj
         Debug\Point.obj
         Debug\PointTests.obj
     1>MSVCRTD.lib(exe_main.obj) : error LNK2019: unresolved external symbol _main referenced in function "int __cdecl invoke_main(void)" (?invoke_main@@YAHXZ)
     1>C:\Users\Quinn\Desktop\ucd-csci2312-pa1\PA1\Debug\PA1.exe : fatal error LNK1120: 1 unresolved externals
     1>Done Building Project "C:\Users\Quinn\Desktop\ucd-csci2312-pa1\PA1\PA1\PA1.vcxproj" (Build target(s)) -- FAILED.

Build FAILED.

Time Elapsed 00:00:00.31
